2017-10-31 17:27:46,496 - MainThread - __main__ - INFO - Dispatcher started
2017-10-31 17:27:46,496 - MainThread - __main__ - INFO - Created a Dispatcher
2017-10-31 17:27:46,496 - MainThread - genericPreprocessor - INFO - Created a GenericPreprocessor
2017-10-31 17:27:46,496 - MainThread - metricManager - INFO - Created a MetricManager
2017-10-31 17:27:46,496 - MainThread - notifier - DEBUG - Created a Notifier
2017-10-31 17:27:46,575 - MainThread - notifier - INFO - Getting List of Channels
2017-10-31 17:27:46,670 - MainThread - notifier - INFO - Get Users
2017-10-31 17:27:46,756 - MainThread - executor - INFO - Created an Executor
2017-10-31 17:27:46,756 - MainThread - __main__ - INFO - Dispatcher is running
2017-10-31 17:27:46,756 - watcher    - __main__ - INFO - Last modified time for tasks input file: 2017-10-31 17:15:55.063202
2017-10-31 17:27:46,756 - MainThread - genericPreprocessor - INFO - Start preprocessing...
2017-10-31 17:27:46,756 - MainThread - genericPreprocessor - INFO - Found 6 tasks
2017-10-31 17:27:46,756 - MainThread - task - INFO - The frequency of this task is 1min
2017-10-31 17:27:46,756 - MainThread - task - INFO - Created a Task
filename: C:\Users\kcheng\PycharmProjects\first_project\dummy_task1.py
frequency: 1min
time: 17:27
Validity: Good
2017-10-31 17:27:46,757 - MainThread - task - INFO - The frequency of this task is 2min
2017-10-31 17:27:46,759 - MainThread - task - INFO - Created a Task
filename: C:\Users\kcheng\PycharmProjects\first_project\dummy_task2.py
frequency: 2min
time: 17:17
Validity: Good
2017-10-31 17:27:46,759 - MainThread - task - INFO - The frequency of this task is 5min
2017-10-31 17:27:46,759 - MainThread - task - INFO - Created a Task
filename: C:my_task3.py
frequency: 5min
time: 09:45
Validity: Invaild filename: C:my_task3.py
2017-10-31 17:27:46,759 - MainThread - task - INFO - The frequency of this task is 5min
2017-10-31 17:27:46,759 - MainThread - task - INFO - Created a Task
filename: C:\Users\kcheng\PycharmProjects\first_project\dummy_task3.py
frequency: 5min
time: 17:27
Validity: Good
2017-10-31 17:27:46,760 - MainThread - task - INFO - The frequency of this task is 
2017-10-31 17:27:46,760 - MainThread - task - INFO - Created a Task
filename: C:\Users\kcheng\PycharmProjects\first_project\dummy_task2.py
frequency: 
time: 09:45
Validity: Invaild frequency: 
2017-10-31 17:27:46,760 - MainThread - task - INFO - The frequency of this task is 
2017-10-31 17:27:46,760 - MainThread - task - INFO - Created a Task
filename: C:\Users\kcheng\PycharmProjects\first_project\dummy_task2.py
frequency: 
time: *&^*&TDG
Validity: Invaild time: *&^*&TDG
2017-10-31 17:27:46,760 - MainThread - genericPreprocessor - INFO - Good tasks count: 3
2017-10-31 17:27:46,760 - MainThread - genericPreprocessor - INFO - Invalid tasks count: 3
2017-10-31 17:27:46,762 - Thread-1_dummy_task1.py - task - INFO - Remaining time until the next scheduled iteration for task dummy_task1.py: 0:00:02
2017-10-31 17:27:46,762 - Thread-2_dummy_task2.py - task - INFO - Remaining time until the next scheduled iteration for task dummy_task2.py: 23:49:14
2017-10-31 17:27:46,762 - MainThread - genericPostprocessor - INFO - Start postprocessing
2017-10-31 17:27:46,762 - Thread-4_dummy_task3.py - task - INFO - Remaining time until the next scheduled iteration for task dummy_task3.py: 0:00:02
2017-10-31 17:27:46,763 - dummy_task1.py_monitor - metricManager - INFO - Assigned monitor manager to task: dummy_task1.py
2017-10-31 17:27:46,763 - dummy_task2.py_monitor - metricManager - INFO - Assigned monitor manager to task: dummy_task2.py
2017-10-31 17:27:46,763 - dummy_task3.py_monitor - metricManager - INFO - Assigned monitor manager to task: dummy_task3.py
2017-10-31 17:27:46,763 - MainThread - notifier - INFO - Notifying the receive of tasks from the input file to Slack
2017-10-31 17:27:46,765 - MainThread - notifier - INFO - Sending message to Slack: Below are the summary of the new tasks assigned to the dispatcher to channel: risk and member: kcheng
2017-10-31 17:27:47,102 - MainThread - genericPostprocessor - INFO - Finished postprocessing
2017-10-31 17:27:48,763 - Thread-1_dummy_task1.py - task - INFO - Executing Task...
Filename: C:\Users\kcheng\PycharmProjects\first_project\dummy_task1.py
PID: 12404
Execution scheduled: 2017-10-31 17:27:48.757000
Thread: Thread-1_dummy_task1.py
2017-10-31 17:27:48,765 - Thread-4_dummy_task3.py - task - INFO - Executing Task...
Filename: C:\Users\kcheng\PycharmProjects\first_project\dummy_task3.py
PID: 6780
Execution scheduled: 2017-10-31 17:27:48.760000
Thread: Thread-4_dummy_task3.py
2017-10-31 17:27:49,168 - dummy_task1.py_monitor - metricManager - INFO - Recording the usages for process pid=12404
2017-10-31 17:27:49,168 - dummy_task3.py_monitor - metricManager - INFO - Recording the usages for process pid=6780
2017-10-31 17:27:50,420 - Thread-1_dummy_task1.py - task - INFO - The task ended unexpectedly...
2017-10-31 17:27:50,420 - Thread-1_dummy_task1.py - task - INFO - Remaining time until the next scheduled iteration for task dummy_task1.py: 0:00:58
2017-10-31 17:27:50,582 - dummy_task1.py_monitor - metricManager - INFO - Process pid=12404 ended. Usages for this run is recorded
2017-10-31 17:27:50,582 - dummy_task1.py_monitor - metricManager - INFO - Added usgaes to dict for task dummy_task1.py, pid=12404
2017-10-31 17:27:51,115 - dummy_task1.py_monitor - metricManager - INFO - Figure is saved to ../2017_10_31_17_28_48_dummy_task1.py_12404.png
2017-10-31 17:27:51,117 - dummy_task1.py_monitor - notifier - INFO - Sending message to Slack: Task is INTERRUPTED. Please investigate. to channel: risk and member: kcheng
2017-10-31 17:28:48,437 - Thread-1_dummy_task1.py - task - INFO - Executing Task...
Filename: C:\Users\kcheng\PycharmProjects\first_project\dummy_task1.py
PID: 8132
Execution scheduled: 2017-10-31 17:28:48.757000
Thread: Thread-1_dummy_task1.py
2017-10-31 17:28:48,838 - dummy_task1.py_monitor - metricManager - INFO - Recording the usages for process pid=8132
2017-10-31 17:28:49,980 - Thread-1_dummy_task1.py - task - INFO - The task ended unexpectedly...
2017-10-31 17:28:49,980 - Thread-1_dummy_task1.py - task - INFO - Remaining time until the next scheduled iteration for task dummy_task1.py: 0:00:59
2017-10-31 17:28:50,043 - dummy_task1.py_monitor - metricManager - INFO - Process pid=8132 ended. Usages for this run is recorded
2017-10-31 17:28:50,043 - dummy_task1.py_monitor - metricManager - INFO - Added usgaes to dict for task dummy_task1.py, pid=8132
2017-10-31 17:28:50,486 - dummy_task1.py_monitor - metricManager - INFO - Figure is saved to ../2017_10_31_17_29_48_dummy_task1.py_8132.png
2017-10-31 17:28:50,487 - dummy_task1.py_monitor - notifier - INFO - Sending message to Slack: Task is INTERRUPTED. Please investigate. to channel: risk and member: kcheng
